mode: set
github.com/mikeziminio/go-custom-metrics/cmd/reset/main.go:43.13,45.36 2 1
github.com/mikeziminio/go-custom-metrics/cmd/reset/main.go:45.36,47.3 1 1
github.com/mikeziminio/go-custom-metrics/cmd/reset/main.go:50.13,52.23 2 0
github.com/mikeziminio/go-custom-metrics/cmd/reset/main.go:52.23,54.3 1 0
github.com/mikeziminio/go-custom-metrics/cmd/reset/main.go:56.2,57.16 2 0
github.com/mikeziminio/go-custom-metrics/cmd/reset/main.go:57.16,60.3 2 0
github.com/mikeziminio/go-custom-metrics/cmd/reset/main.go:62.2,62.37 1 0
github.com/mikeziminio/go-custom-metrics/cmd/reset/main.go:62.37,63.24 1 0
github.com/mikeziminio/go-custom-metrics/cmd/reset/main.go:63.24,64.12 1 0
github.com/mikeziminio/go-custom-metrics/cmd/reset/main.go:67.3,68.62 2 0
github.com/mikeziminio/go-custom-metrics/cmd/reset/main.go:68.62,71.4 2 0
github.com/mikeziminio/go-custom-metrics/cmd/reset/main.go:73.3,73.76 1 0
github.com/mikeziminio/go-custom-metrics/cmd/reset/main.go:78.82,81.88 2 1
github.com/mikeziminio/go-custom-metrics/cmd/reset/main.go:81.88,82.17 1 1
github.com/mikeziminio/go-custom-metrics/cmd/reset/main.go:82.17,84.4 1 0
github.com/mikeziminio/go-custom-metrics/cmd/reset/main.go:86.3,86.20 1 1
github.com/mikeziminio/go-custom-metrics/cmd/reset/main.go:86.20,88.4 1 1
github.com/mikeziminio/go-custom-metrics/cmd/reset/main.go:90.3,90.29 1 1
github.com/mikeziminio/go-custom-metrics/cmd/reset/main.go:90.29,92.4 1 1
github.com/mikeziminio/go-custom-metrics/cmd/reset/main.go:94.3,95.17 2 1
github.com/mikeziminio/go-custom-metrics/cmd/reset/main.go:95.17,97.4 1 0
github.com/mikeziminio/go-custom-metrics/cmd/reset/main.go:99.3,100.29 2 1
github.com/mikeziminio/go-custom-metrics/cmd/reset/main.go:100.29,101.41 1 1
github.com/mikeziminio/go-custom-metrics/cmd/reset/main.go:101.41,103.5 1 1
github.com/mikeziminio/go-custom-metrics/cmd/reset/main.go:106.3,106.24 1 1
github.com/mikeziminio/go-custom-metrics/cmd/reset/main.go:106.24,108.4 1 1
github.com/mikeziminio/go-custom-metrics/cmd/reset/main.go:110.3,110.53 1 1
github.com/mikeziminio/go-custom-metrics/cmd/reset/main.go:113.2,113.20 1 1
github.com/mikeziminio/go-custom-metrics/cmd/reset/main.go:117.91,122.29 3 1
github.com/mikeziminio/go-custom-metrics/cmd/reset/main.go:122.29,124.17 2 1
github.com/mikeziminio/go-custom-metrics/cmd/reset/main.go:124.17,125.12 1 1
github.com/mikeziminio/go-custom-metrics/cmd/reset/main.go:128.3,128.35 1 1
github.com/mikeziminio/go-custom-metrics/cmd/reset/main.go:128.35,130.11 2 1
github.com/mikeziminio/go-custom-metrics/cmd/reset/main.go:130.11,131.13 1 0
github.com/mikeziminio/go-custom-metrics/cmd/reset/main.go:134.4,134.39 1 1
github.com/mikeziminio/go-custom-metrics/cmd/reset/main.go:134.39,136.12 2 1
github.com/mikeziminio/go-custom-metrics/cmd/reset/main.go:136.12,137.14 1 0
github.com/mikeziminio/go-custom-metrics/cmd/reset/main.go:140.5,140.53 1 1
github.com/mikeziminio/go-custom-metrics/cmd/reset/main.go:140.53,142.6 1 1
github.com/mikeziminio/go-custom-metrics/cmd/reset/main.go:148.2,149.29 2 1
github.com/mikeziminio/go-custom-metrics/cmd/reset/main.go:149.29,151.17 2 1
github.com/mikeziminio/go-custom-metrics/cmd/reset/main.go:151.17,152.12 1 1
github.com/mikeziminio/go-custom-metrics/cmd/reset/main.go:156.3,158.35 2 1
github.com/mikeziminio/go-custom-metrics/cmd/reset/main.go:158.35,160.11 2 1
github.com/mikeziminio/go-custom-metrics/cmd/reset/main.go:160.11,161.13 1 0
github.com/mikeziminio/go-custom-metrics/cmd/reset/main.go:164.4,164.39 1 1
github.com/mikeziminio/go-custom-metrics/cmd/reset/main.go:164.39,166.12 2 1
github.com/mikeziminio/go-custom-metrics/cmd/reset/main.go:166.12,167.14 1 0
github.com/mikeziminio/go-custom-metrics/cmd/reset/main.go:170.5,171.12 2 1
github.com/mikeziminio/go-custom-metrics/cmd/reset/main.go:171.12,172.14 1 0
github.com/mikeziminio/go-custom-metrics/cmd/reset/main.go:176.5,180.63 3 1
github.com/mikeziminio/go-custom-metrics/cmd/reset/main.go:180.63,181.14 1 1
github.com/mikeziminio/go-custom-metrics/cmd/reset/main.go:184.5,184.97 1 1
github.com/mikeziminio/go-custom-metrics/cmd/reset/main.go:189.2,189.22 1 1
github.com/mikeziminio/go-custom-metrics/cmd/reset/main.go:189.22,191.3 1 1
github.com/mikeziminio/go-custom-metrics/cmd/reset/main.go:193.2,193.12 1 1
github.com/mikeziminio/go-custom-metrics/cmd/reset/main.go:197.62,198.20 1 1
github.com/mikeziminio/go-custom-metrics/cmd/reset/main.go:198.20,200.3 1 1
github.com/mikeziminio/go-custom-metrics/cmd/reset/main.go:202.2,202.33 1 1
github.com/mikeziminio/go-custom-metrics/cmd/reset/main.go:202.33,203.52 1 1
github.com/mikeziminio/go-custom-metrics/cmd/reset/main.go:203.52,205.4 1 1
github.com/mikeziminio/go-custom-metrics/cmd/reset/main.go:208.2,208.14 1 1
github.com/mikeziminio/go-custom-metrics/cmd/reset/main.go:211.103,214.30 2 1
github.com/mikeziminio/go-custom-metrics/cmd/reset/main.go:214.30,215.48 1 1
github.com/mikeziminio/go-custom-metrics/cmd/reset/main.go:215.48,216.29 1 1
github.com/mikeziminio/go-custom-metrics/cmd/reset/main.go:216.29,217.13 1 0
github.com/mikeziminio/go-custom-metrics/cmd/reset/main.go:220.4,224.34 3 1
github.com/mikeziminio/go-custom-metrics/cmd/reset/main.go:225.23,228.56 3 1
github.com/mikeziminio/go-custom-metrics/cmd/reset/main.go:229.24,230.21 1 1
github.com/mikeziminio/go-custom-metrics/cmd/reset/main.go:230.21,234.6 3 1
github.com/mikeziminio/go-custom-metrics/cmd/reset/main.go:235.22,238.60 3 1
github.com/mikeziminio/go-custom-metrics/cmd/reset/main.go:239.25,241.53 2 1
github.com/mikeziminio/go-custom-metrics/cmd/reset/main.go:242.12,244.53 1 1
github.com/mikeziminio/go-custom-metrics/cmd/reset/main.go:247.4,247.38 1 1
github.com/mikeziminio/go-custom-metrics/cmd/reset/main.go:251.2,256.3 1 1
github.com/mikeziminio/go-custom-metrics/cmd/reset/main.go:259.44,260.26 1 1
github.com/mikeziminio/go-custom-metrics/cmd/reset/main.go:261.18,262.16 1 1
github.com/mikeziminio/go-custom-metrics/cmd/reset/main.go:263.21,264.36 1 1
github.com/mikeziminio/go-custom-metrics/cmd/reset/main.go:265.22,266.19 1 1
github.com/mikeziminio/go-custom-metrics/cmd/reset/main.go:266.19,268.4 1 1
github.com/mikeziminio/go-custom-metrics/cmd/reset/main.go:269.3,269.62 1 0
github.com/mikeziminio/go-custom-metrics/cmd/reset/main.go:270.20,271.84 1 1
github.com/mikeziminio/go-custom-metrics/cmd/reset/main.go:272.23,273.20 1 1
github.com/mikeziminio/go-custom-metrics/cmd/reset/main.go:274.21,275.18 1 1
github.com/mikeziminio/go-custom-metrics/cmd/reset/main.go:276.25,277.64 1 1
github.com/mikeziminio/go-custom-metrics/cmd/reset/main.go:278.10,279.12 1 0
github.com/mikeziminio/go-custom-metrics/cmd/reset/main.go:283.66,286.16 3 1
github.com/mikeziminio/go-custom-metrics/cmd/reset/main.go:286.16,288.3 1 0
github.com/mikeziminio/go-custom-metrics/cmd/reset/main.go:289.2,290.16 2 1
github.com/mikeziminio/go-custom-metrics/cmd/reset/main.go:290.16,292.3 1 0
github.com/mikeziminio/go-custom-metrics/cmd/reset/main.go:293.2,293.12 1 1
github.com/mikeziminio/go-custom-metrics/cmd/reset/main.go:307.78,309.28 2 1
github.com/mikeziminio/go-custom-metrics/cmd/reset/main.go:309.28,311.17 2 1
github.com/mikeziminio/go-custom-metrics/cmd/reset/main.go:311.17,313.12 1 0
github.com/mikeziminio/go-custom-metrics/cmd/reset/main.go:315.3,315.51 1 1
github.com/mikeziminio/go-custom-metrics/cmd/reset/main.go:318.2,327.61 3 1
github.com/mikeziminio/go-custom-metrics/cmd/reset/main.go:327.61,329.3 1 0
github.com/mikeziminio/go-custom-metrics/cmd/reset/main.go:330.2,330.25 1 1
github.com/mikeziminio/go-custom-metrics/cmd/reset/main.go:333.42,336.24 3 1
github.com/mikeziminio/go-custom-metrics/cmd/reset/main.go:336.24,338.3 1 1
github.com/mikeziminio/go-custom-metrics/cmd/reset/main.go:339.2,339.13 1 1
github.com/mikeziminio/go-custom-metrics/cmd/reset/main.go:356.89,358.29 2 1
github.com/mikeziminio/go-custom-metrics/cmd/reset/main.go:358.29,360.17 2 1
github.com/mikeziminio/go-custom-metrics/cmd/reset/main.go:360.17,362.12 1 0
github.com/mikeziminio/go-custom-metrics/cmd/reset/main.go:364.3,364.48 1 1
github.com/mikeziminio/go-custom-metrics/cmd/reset/main.go:367.2,376.63 3 1
github.com/mikeziminio/go-custom-metrics/cmd/reset/main.go:376.63,378.3 1 0
github.com/mikeziminio/go-custom-metrics/cmd/reset/main.go:379.2,379.25 1 1
github.com/mikeziminio/go-custom-metrics/cmd/reset/main.go:382.87,385.13 2 1
github.com/mikeziminio/go-custom-metrics/cmd/reset/main.go:385.13,386.43 1 1
github.com/mikeziminio/go-custom-metrics/cmd/reset/main.go:386.43,392.4 5 1
github.com/mikeziminio/go-custom-metrics/cmd/reset/main.go:392.9,396.4 3 1
github.com/mikeziminio/go-custom-metrics/cmd/reset/main.go:397.8,397.22 1 1
github.com/mikeziminio/go-custom-metrics/cmd/reset/main.go:397.22,399.3 1 1
github.com/mikeziminio/go-custom-metrics/cmd/reset/main.go:399.8,399.20 1 1
github.com/mikeziminio/go-custom-metrics/cmd/reset/main.go:399.20,401.3 1 1
github.com/mikeziminio/go-custom-metrics/cmd/reset/main.go:401.8,401.60 1 1
github.com/mikeziminio/go-custom-metrics/cmd/reset/main.go:401.60,405.3 3 0
github.com/mikeziminio/go-custom-metrics/cmd/reset/main.go:405.8,407.3 1 1
github.com/mikeziminio/go-custom-metrics/cmd/reset/main.go:409.2,409.25 1 1
github.com/mikeziminio/go-custom-metrics/cmd/reset/main.go:412.69,415.2 2 1
github.com/mikeziminio/go-custom-metrics/cmd/reset/main.go:417.37,418.15 1 1
github.com/mikeziminio/go-custom-metrics/cmd/reset/main.go:418.15,420.3 1 0
github.com/mikeziminio/go-custom-metrics/cmd/reset/main.go:422.2,422.9 1 1
github.com/mikeziminio/go-custom-metrics/cmd/reset/main.go:423.83,424.15 1 1
github.com/mikeziminio/go-custom-metrics/cmd/reset/main.go:425.88,426.16 1 0
github.com/mikeziminio/go-custom-metrics/cmd/reset/main.go:427.42,428.17 1 1
github.com/mikeziminio/go-custom-metrics/cmd/reset/main.go:429.21,430.16 1 1
github.com/mikeziminio/go-custom-metrics/cmd/reset/main.go:431.23,432.18 1 1
github.com/mikeziminio/go-custom-metrics/cmd/reset/main.go:433.10,435.13 1 1
github.com/mikeziminio/go-custom-metrics/cmd/reset/main.go:439.53,440.18 1 1
github.com/mikeziminio/go-custom-metrics/cmd/reset/main.go:441.13,442.13 1 0
github.com/mikeziminio/go-custom-metrics/cmd/reset/main.go:443.14,444.13 1 0
github.com/mikeziminio/go-custom-metrics/cmd/reset/main.go:445.15,446.13 1 0
github.com/mikeziminio/go-custom-metrics/cmd/reset/main.go:447.14,448.17 1 0
github.com/mikeziminio/go-custom-metrics/cmd/reset/main.go:449.16,450.14 1 0
github.com/mikeziminio/go-custom-metrics/cmd/reset/main.go:451.10,452.15 1 1
github.com/mikeziminio/go-custom-metrics/cmd/reset/main.go:456.38,457.15 1 1
github.com/mikeziminio/go-custom-metrics/cmd/reset/main.go:457.15,459.3 1 1
github.com/mikeziminio/go-custom-metrics/cmd/reset/main.go:462.2,462.99 1 1
github.com/mikeziminio/go-custom-metrics/cmd/reset/main.go:462.99,464.3 1 1
github.com/mikeziminio/go-custom-metrics/cmd/reset/main.go:467.2,467.13 1 1
github.com/mikeziminio/go-custom-metrics/cmd/reset/main.go:468.48,469.13 1 1
github.com/mikeziminio/go-custom-metrics/cmd/reset/main.go:470.53,471.13 1 1
github.com/mikeziminio/go-custom-metrics/cmd/reset/main.go:472.28,473.13 1 1
github.com/mikeziminio/go-custom-metrics/cmd/reset/main.go:474.14,475.17 1 1
github.com/mikeziminio/go-custom-metrics/cmd/reset/main.go:476.16,477.14 1 1
github.com/mikeziminio/go-custom-metrics/cmd/reset/main.go:478.18,479.14 1 1
github.com/mikeziminio/go-custom-metrics/cmd/reset/main.go:483.2,484.41 2 1
github.com/mikeziminio/go-custom-metrics/cmd/reset/main.go:489.34,492.2 2 1
